cl : command line warning D9035: option 'Gm' has been deprecated and will be removed in a future release
  ToPlayModeAction.cpp
  ToDesignModeAction.cpp
  Snake.cpp
  SaveGridAction.cpp
  RollDiceAction.cpp
  Main.cpp
  Player.cpp
  PasteCardAction.cpp
  Output.cpp
  OpenGridAction.cpp
C:\Users\danie_dnkrtc3\OneDrive\Desktop\College Stuff\Projects\tut14_team_5\Phase2_Code\CardTwelve.h(10,12): warning C4584: 'CardTwelve': base-class 'Card' is already a base-class of 'CardNine'
C:\Users\danie_dnkrtc3\OneDrive\Desktop\College Stuff\Projects\tut14_team_5\Phase2_Code\Card.h(9): message : see declaration of 'Card'
C:\Users\danie_dnkrtc3\OneDrive\Desktop\College Stuff\Projects\tut14_team_5\Phase2_Code\CardNine.h(5): message : see declaration of 'CardNine'
C:\Users\danie_dnkrtc3\OneDrive\Desktop\College Stuff\Projects\tut14_team_5\Phase2_Code\CardTwelve.h(10,12): warning C4584: 'CardTwelve': base-class 'Card' is already a base-class of 'CardTen'
C:\Users\danie_dnkrtc3\OneDrive\Desktop\College Stuff\Projects\tut14_team_5\Phase2_Code\Card.h(9): message : see declaration of 'Card'
C:\Users\danie_dnkrtc3\OneDrive\Desktop\College Stuff\Projects\tut14_team_5\Phase2_Code\CardTen.h(6): message : see declaration of 'CardTen'
C:\Users\danie_dnkrtc3\OneDrive\Desktop\College Stuff\Projects\tut14_team_5\Phase2_Code\CardTwelve.h(10,12): warning C4584: 'CardTwelve': base-class 'Card' is already a base-class of 'CardEleven'
C:\Users\danie_dnkrtc3\OneDrive\Desktop\College Stuff\Projects\tut14_team_5\Phase2_Code\Card.h(9): message : see declaration of 'Card'
C:\Users\danie_dnkrtc3\OneDrive\Desktop\College Stuff\Projects\tut14_team_5\Phase2_Code\CardEleven.h(6): message : see declaration of 'CardEleven'
  NewGameAction.cpp
  Ladder.cpp
  InputDiceValueAction.cpp
  Input.cpp
  Grid.cpp
  GameObject.cpp
  DeleteGameObject.cpp
  CutCardAction.cpp
  CopyCardAction.cpp
  windowinput.cpp
  Generating Code...
  Compiling...
  mousequeue.cpp
  keyqueue.cpp
  image.cpp
C:\Users\danie_dnkrtc3\OneDrive\Desktop\College Stuff\Projects\tut14_team_5\Phase2_Code\CMUgraphicsLib\image.cpp(115,29): warning C4018: '<': signed/unsigned mismatch
  colors.cpp
  CMUgraphics.cpp
C:\Users\danie_dnkrtc3\OneDrive\Desktop\College Stuff\Projects\tut14_team_5\Phase2_Code\CMUgraphicsLib\CMUgraphics.cpp(257,9): warning C4101: 'iX': unreferenced local variable
C:\Users\danie_dnkrtc3\OneDrive\Desktop\College Stuff\Projects\tut14_team_5\Phase2_Code\CMUgraphicsLib\CMUgraphics.cpp(257,13): warning C4101: 'iY': unreferenced local variable
C:\Users\danie_dnkrtc3\OneDrive\Desktop\College Stuff\Projects\tut14_team_5\Phase2_Code\CMUgraphicsLib\CMUgraphics.cpp(751,3): warning C4996: 'strcpy': This function or variable may be unsafe. Consider using strcpy_s instead. To disable deprecation, use _CRT_SECURE_NO_WARNINGS. See online help for details.
C:\Users\danie_dnkrtc3\OneDrive\Desktop\College Stuff\Projects\tut14_team_5\Phase2_Code\CMUgraphicsLib\CMUgraphics.cpp(1164,2): warning C4996: 'sprintf': This function or variable may be unsafe. Consider using sprintf_s instead. To disable deprecation, use _CRT_SECURE_NO_WARNINGS. See online help for details.
C:\Users\danie_dnkrtc3\OneDrive\Desktop\College Stuff\Projects\tut14_team_5\Phase2_Code\CMUgraphicsLib\CMUgraphics.cpp(1171,2): warning C4996: 'sprintf': This function or variable may be unsafe. Consider using sprintf_s instead. To disable deprecation, use _CRT_SECURE_NO_WARNINGS. See online help for details.
C:\Users\danie_dnkrtc3\OneDrive\Desktop\College Stuff\Projects\tut14_team_5\Phase2_Code\CMUgraphicsLib\CMUgraphics.cpp(1202,2): warning C4996: 'sprintf': This function or variable may be unsafe. Consider using sprintf_s instead. To disable deprecation, use _CRT_SECURE_NO_WARNINGS. See online help for details.
C:\Users\danie_dnkrtc3\OneDrive\Desktop\College Stuff\Projects\tut14_team_5\Phase2_Code\CMUgraphicsLib\CMUgraphics.cpp(1210,2): warning C4996: 'sprintf': This function or variable may be unsafe. Consider using sprintf_s instead. To disable deprecation, use _CRT_SECURE_NO_WARNINGS. See online help for details.
C:\Users\danie_dnkrtc3\OneDrive\Desktop\College Stuff\Projects\tut14_team_5\Phase2_Code\CMUgraphicsLib\CMUgraphics.cpp(1357,23): warning C4018: '>': signed/unsigned mismatch
  auxil.cpp
  CellPosition.cpp
  Cell.cpp
  CardTwo.cpp
  CardTwelve.cpp
C:\Users\danie_dnkrtc3\OneDrive\Desktop\College Stuff\Projects\tut14_team_5\Phase2_Code\CardTwelve.h(10,12): warning C4584: 'CardTwelve': base-class 'Card' is already a base-class of 'CardNine'
C:\Users\danie_dnkrtc3\OneDrive\Desktop\College Stuff\Projects\tut14_team_5\Phase2_Code\Card.h(9): message : see declaration of 'Card'
C:\Users\danie_dnkrtc3\OneDrive\Desktop\College Stuff\Projects\tut14_team_5\Phase2_Code\CardNine.h(5): message : see declaration of 'CardNine'
C:\Users\danie_dnkrtc3\OneDrive\Desktop\College Stuff\Projects\tut14_team_5\Phase2_Code\CardTwelve.h(10,12): warning C4584: 'CardTwelve': base-class 'Card' is already a base-class of 'CardTen'
C:\Users\danie_dnkrtc3\OneDrive\Desktop\College Stuff\Projects\tut14_team_5\Phase2_Code\Card.h(9): message : see declaration of 'Card'
C:\Users\danie_dnkrtc3\OneDrive\Desktop\College Stuff\Projects\tut14_team_5\Phase2_Code\CardTen.h(6): message : see declaration of 'CardTen'
C:\Users\danie_dnkrtc3\OneDrive\Desktop\College Stuff\Projects\tut14_team_5\Phase2_Code\CardTwelve.h(10,12): warning C4584: 'CardTwelve': base-class 'Card' is already a base-class of 'CardEleven'
C:\Users\danie_dnkrtc3\OneDrive\Desktop\College Stuff\Projects\tut14_team_5\Phase2_Code\Card.h(9): message : see declaration of 'Card'
C:\Users\danie_dnkrtc3\OneDrive\Desktop\College Stuff\Projects\tut14_team_5\Phase2_Code\CardEleven.h(6): message : see declaration of 'CardEleven'
  CardThree.cpp
  CardTen.cpp
  CardSix.cpp
  CardSeven.cpp
  CardOne.cpp
C:\Users\danie_dnkrtc3\OneDrive\Desktop\College Stuff\Projects\tut14_team_5\Phase2_Code\CardOne.cpp(25,9): warning C4101: 'y': unreferenced local variable
C:\Users\danie_dnkrtc3\OneDrive\Desktop\College Stuff\Projects\tut14_team_5\Phase2_Code\CardOne.cpp(25,6): warning C4101: 'x': unreferenced local variable
  CardNine.cpp
  CardFour.cpp
  CardFive.cpp
  CardEleven.cpp
  CardEight.cpp
  Generating Code...
  Compiling...
  Card.cpp
C:\Users\danie_dnkrtc3\OneDrive\Desktop\College Stuff\Projects\tut14_team_5\Phase2_Code\Card.cpp(41,9): warning C4101: 'y': unreferenced local variable
C:\Users\danie_dnkrtc3\OneDrive\Desktop\College Stuff\Projects\tut14_team_5\Phase2_Code\Card.cpp(41,6): warning C4101: 'x': unreferenced local variable
  ApplicationManager.cpp
  AddSnakeAction.cpp
  AddLadderAction.cpp
  AddCardAction.cpp
C:\Users\danie_dnkrtc3\OneDrive\Desktop\College Stuff\Projects\tut14_team_5\Phase2_Code\CardTwelve.h(10,12): warning C4584: 'CardTwelve': base-class 'Card' is already a base-class of 'CardNine'
C:\Users\danie_dnkrtc3\OneDrive\Desktop\College Stuff\Projects\tut14_team_5\Phase2_Code\Card.h(9): message : see declaration of 'Card'
C:\Users\danie_dnkrtc3\OneDrive\Desktop\College Stuff\Projects\tut14_team_5\Phase2_Code\CardNine.h(5): message : see declaration of 'CardNine'
C:\Users\danie_dnkrtc3\OneDrive\Desktop\College Stuff\Projects\tut14_team_5\Phase2_Code\CardTwelve.h(10,12): warning C4584: 'CardTwelve': base-class 'Card' is already a base-class of 'CardTen'
C:\Users\danie_dnkrtc3\OneDrive\Desktop\College Stuff\Projects\tut14_team_5\Phase2_Code\Card.h(9): message : see declaration of 'Card'
C:\Users\danie_dnkrtc3\OneDrive\Desktop\College Stuff\Projects\tut14_team_5\Phase2_Code\CardTen.h(6): message : see declaration of 'CardTen'
C:\Users\danie_dnkrtc3\OneDrive\Desktop\College Stuff\Projects\tut14_team_5\Phase2_Code\CardTwelve.h(10,12): warning C4584: 'CardTwelve': base-class 'Card' is already a base-class of 'CardEleven'
C:\Users\danie_dnkrtc3\OneDrive\Desktop\College Stuff\Projects\tut14_team_5\Phase2_Code\Card.h(9): message : see declaration of 'Card'
C:\Users\danie_dnkrtc3\OneDrive\Desktop\College Stuff\Projects\tut14_team_5\Phase2_Code\CardEleven.h(6): message : see declaration of 'CardEleven'
  Action.cpp
  Generating Code...
cl : command line warning D9035: option 'Gm' has been deprecated and will be removed in a future release
  jutils.c
  jquant2.c
  jquant1.c
  jmemnobs.c
  jmemmgr.c
C:\Users\danie_dnkrtc3\OneDrive\Desktop\College Stuff\Projects\tut14_team_5\Phase2_Code\CMUgraphicsLib\jpeg\jmemmgr.c(1103,19): warning C4996: 'getenv': This function or variable may be unsafe. Consider using _dupenv_s instead. To disable deprecation, use _CRT_SECURE_NO_WARNINGS. See online help for details.
C:\Users\danie_dnkrtc3\OneDrive\Desktop\College Stuff\Projects\tut14_team_5\Phase2_Code\CMUgraphicsLib\jpeg\jmemmgr.c(1106,11): warning C4996: 'sscanf': This function or variable may be unsafe. Consider using sscanf_s instead. To disable deprecation, use _CRT_SECURE_NO_WARNINGS. See online help for details.
  jidctred.c
  jidctint.c
  jidctfst.c
  jidctflt.c
  jerror.c
C:\Users\danie_dnkrtc3\OneDrive\Desktop\College Stuff\Projects\tut14_team_5\Phase2_Code\CMUgraphicsLib\jpeg\jerror.c(169,5): warning C4996: 'sprintf': This function or variable may be unsafe. Consider using sprintf_s instead. To disable deprecation, use _CRT_SECURE_NO_WARNINGS. See online help for details.
C:\Users\danie_dnkrtc3\OneDrive\Desktop\College Stuff\Projects\tut14_team_5\Phase2_Code\CMUgraphicsLib\jpeg\jerror.c(171,5): warning C4996: 'sprintf': This function or variable may be unsafe. Consider using sprintf_s instead. To disable deprecation, use _CRT_SECURE_NO_WARNINGS. See online help for details.
  jdtrans.c
  jdsample.c
  jdpostct.c
  jdphuff.c
  jdmerge.c
  jdmaster.c
  jdmarker.c
  jdmainct.c
  jdinput.c
  jdhuff.c
  Generating Code...
  Compiling...
  jddctmgr.c
  jdcolor.c
  jdcoefct.c
  jdatasrc.c
  jdapistd.c
  jdapimin.c
  jcparam.c
  jcomapi.c
  jpegload.c
C:\Users\danie_dnkrtc3\OneDrive\Desktop\College Stuff\Projects\tut14_team_5\Phase2_Code\CMUgraphicsLib\jpegload.c(23,12): warning C4996: 'fopen': This function or variable may be unsafe. Consider using fopen_s instead. To disable deprecation, use _CRT_SECURE_NO_WARNINGS. See online help for details.
  Generating Code...
Action.obj : warning LNK4075: ignoring '/EDITANDCONTINUE' due to '/SAFESEH' specification
  PT-Project.vcxproj -> C:\Users\danie_dnkrtc3\OneDrive\Desktop\College Stuff\Projects\tut14_team_5\Phase2_Code\Debug\PT Project.exe
